Copyright 1986-2022 Xilinx, Inc. All Rights Reserved.
-----------------------------------------------------------------------------------------------------------------------------------------------
| Tool Version : Vivado v.2022.2 (win64) Build 3671981 Fri Oct 14 05:00:03 MDT 2022
| Date         : Fri Feb 17 22:11:46 2023
| Host         : DESKTOP-D6FVSP1 running 64-bit major release  (build 9200)
| Command      : report_methodology -file top_methodology_drc_routed.rpt -pb top_methodology_drc_routed.pb -rpx top_methodology_drc_routed.rpx
| Design       : top
| Device       : xc7a35ticsg324-1L
| Speed File   : -1L
| Design State : Fully Routed
-----------------------------------------------------------------------------------------------------------------------------------------------

Report Methodology

Table of Contents
-----------------
1. REPORT SUMMARY
2. REPORT DETAILS

1. REPORT SUMMARY
-----------------
            Netlist: netlist
          Floorplan: design_1
      Design limits: <entire design considered>
             Max violations: <unlimited>
             Violations found: 78
+-----------+------------------+-------------------------------+------------+
| Rule      | Severity         | Description                   | Violations |
+-----------+------------------+-------------------------------+------------+
| TIMING-17 | Critical Warning | Non-clocked sequential cell   | 32         |
| TIMING-18 | Warning          | Missing input or output delay | 46         |
+-----------+------------------+-------------------------------+------------+

2. REPORT DETAILS
-----------------
TIMING-17#1 Critical Warning
Non-clocked sequential cell  
The clock pin controller/genblk3.genblk1[0].ISERDESE2_inst/CLK is not reached by a timing clock
Related violations: <none>

TIMING-17#2 Critical Warning
Non-clocked sequential cell  
The clock pin controller/genblk3.genblk1[0].ISERDESE2_inst/CLKB is not reached by a timing clock
Related violations: <none>

TIMING-17#3 Critical Warning
Non-clocked sequential cell  
The clock pin controller/genblk3.genblk1[10].ISERDESE2_inst/CLK is not reached by a timing clock
Related violations: <none>

TIMING-17#4 Critical Warning
Non-clocked sequential cell  
The clock pin controller/genblk3.genblk1[10].ISERDESE2_inst/CLKB is not reached by a timing clock
Related violations: <none>

TIMING-17#5 Critical Warning
Non-clocked sequential cell  
The clock pin controller/genblk3.genblk1[11].ISERDESE2_inst/CLK is not reached by a timing clock
Related violations: <none>

TIMING-17#6 Critical Warning
Non-clocked sequential cell  
The clock pin controller/genblk3.genblk1[11].ISERDESE2_inst/CLKB is not reached by a timing clock
Related violations: <none>

TIMING-17#7 Critical Warning
Non-clocked sequential cell  
The clock pin controller/genblk3.genblk1[12].ISERDESE2_inst/CLK is not reached by a timing clock
Related violations: <none>

TIMING-17#8 Critical Warning
Non-clocked sequential cell  
The clock pin controller/genblk3.genblk1[12].ISERDESE2_inst/CLKB is not reached by a timing clock
Related violations: <none>

TIMING-17#9 Critical Warning
Non-clocked sequential cell  
The clock pin controller/genblk3.genblk1[13].ISERDESE2_inst/CLK is not reached by a timing clock
Related violations: <none>

TIMING-17#10 Critical Warning
Non-clocked sequential cell  
The clock pin controller/genblk3.genblk1[13].ISERDESE2_inst/CLKB is not reached by a timing clock
Related violations: <none>

TIMING-17#11 Critical Warning
Non-clocked sequential cell  
The clock pin controller/genblk3.genblk1[14].ISERDESE2_inst/CLK is not reached by a timing clock
Related violations: <none>

TIMING-17#12 Critical Warning
Non-clocked sequential cell  
The clock pin controller/genblk3.genblk1[14].ISERDESE2_inst/CLKB is not reached by a timing clock
Related violations: <none>

TIMING-17#13 Critical Warning
Non-clocked sequential cell  
The clock pin controller/genblk3.genblk1[15].ISERDESE2_inst/CLK is not reached by a timing clock
Related violations: <none>

TIMING-17#14 Critical Warning
Non-clocked sequential cell  
The clock pin controller/genblk3.genblk1[15].ISERDESE2_inst/CLKB is not reached by a timing clock
Related violations: <none>

TIMING-17#15 Critical Warning
Non-clocked sequential cell  
The clock pin controller/genblk3.genblk1[1].ISERDESE2_inst/CLK is not reached by a timing clock
Related violations: <none>

TIMING-17#16 Critical Warning
Non-clocked sequential cell  
The clock pin controller/genblk3.genblk1[1].ISERDESE2_inst/CLKB is not reached by a timing clock
Related violations: <none>

TIMING-17#17 Critical Warning
Non-clocked sequential cell  
The clock pin controller/genblk3.genblk1[2].ISERDESE2_inst/CLK is not reached by a timing clock
Related violations: <none>

TIMING-17#18 Critical Warning
Non-clocked sequential cell  
The clock pin controller/genblk3.genblk1[2].ISERDESE2_inst/CLKB is not reached by a timing clock
Related violations: <none>

TIMING-17#19 Critical Warning
Non-clocked sequential cell  
The clock pin controller/genblk3.genblk1[3].ISERDESE2_inst/CLK is not reached by a timing clock
Related violations: <none>

TIMING-17#20 Critical Warning
Non-clocked sequential cell  
The clock pin controller/genblk3.genblk1[3].ISERDESE2_inst/CLKB is not reached by a timing clock
Related violations: <none>

TIMING-17#21 Critical Warning
Non-clocked sequential cell  
The clock pin controller/genblk3.genblk1[4].ISERDESE2_inst/CLK is not reached by a timing clock
Related violations: <none>

TIMING-17#22 Critical Warning
Non-clocked sequential cell  
The clock pin controller/genblk3.genblk1[4].ISERDESE2_inst/CLKB is not reached by a timing clock
Related violations: <none>

TIMING-17#23 Critical Warning
Non-clocked sequential cell  
The clock pin controller/genblk3.genblk1[5].ISERDESE2_inst/CLK is not reached by a timing clock
Related violations: <none>

TIMING-17#24 Critical Warning
Non-clocked sequential cell  
The clock pin controller/genblk3.genblk1[5].ISERDESE2_inst/CLKB is not reached by a timing clock
Related violations: <none>

TIMING-17#25 Critical Warning
Non-clocked sequential cell  
The clock pin controller/genblk3.genblk1[6].ISERDESE2_inst/CLK is not reached by a timing clock
Related violations: <none>

TIMING-17#26 Critical Warning
Non-clocked sequential cell  
The clock pin controller/genblk3.genblk1[6].ISERDESE2_inst/CLKB is not reached by a timing clock
Related violations: <none>

TIMING-17#27 Critical Warning
Non-clocked sequential cell  
The clock pin controller/genblk3.genblk1[7].ISERDESE2_inst/CLK is not reached by a timing clock
Related violations: <none>

TIMING-17#28 Critical Warning
Non-clocked sequential cell  
The clock pin controller/genblk3.genblk1[7].ISERDESE2_inst/CLKB is not reached by a timing clock
Related violations: <none>

TIMING-17#29 Critical Warning
Non-clocked sequential cell  
The clock pin controller/genblk3.genblk1[8].ISERDESE2_inst/CLK is not reached by a timing clock
Related violations: <none>

TIMING-17#30 Critical Warning
Non-clocked sequential cell  
The clock pin controller/genblk3.genblk1[8].ISERDESE2_inst/CLKB is not reached by a timing clock
Related violations: <none>

TIMING-17#31 Critical Warning
Non-clocked sequential cell  
The clock pin controller/genblk3.genblk1[9].ISERDESE2_inst/CLK is not reached by a timing clock
Related violations: <none>

TIMING-17#32 Critical Warning
Non-clocked sequential cell  
The clock pin controller/genblk3.genblk1[9].ISERDESE2_inst/CLKB is not reached by a timing clock
Related violations: <none>

TIMING-18#1 Warning
Missing input or output delay  
An input delay is missing on ddr3_dq[0] relative to clock(s) osc
Related violations: <none>

TIMING-18#2 Warning
Missing input or output delay  
An input delay is missing on ddr3_dq[10] relative to clock(s) osc
Related violations: <none>

TIMING-18#3 Warning
Missing input or output delay  
An input delay is missing on ddr3_dq[11] relative to clock(s) osc
Related violations: <none>

TIMING-18#4 Warning
Missing input or output delay  
An input delay is missing on ddr3_dq[12] relative to clock(s) osc
Related violations: <none>

TIMING-18#5 Warning
Missing input or output delay  
An input delay is missing on ddr3_dq[13] relative to clock(s) osc
Related violations: <none>

TIMING-18#6 Warning
Missing input or output delay  
An input delay is missing on ddr3_dq[14] relative to clock(s) osc
Related violations: <none>

TIMING-18#7 Warning
Missing input or output delay  
An input delay is missing on ddr3_dq[15] relative to clock(s) osc
Related violations: <none>

TIMING-18#8 Warning
Missing input or output delay  
An input delay is missing on ddr3_dq[1] relative to clock(s) osc
Related violations: <none>

TIMING-18#9 Warning
Missing input or output delay  
An input delay is missing on ddr3_dq[2] relative to clock(s) osc
Related violations: <none>

TIMING-18#10 Warning
Missing input or output delay  
An input delay is missing on ddr3_dq[3] relative to clock(s) osc
Related violations: <none>

TIMING-18#11 Warning
Missing input or output delay  
An input delay is missing on ddr3_dq[4] relative to clock(s) osc
Related violations: <none>

TIMING-18#12 Warning
Missing input or output delay  
An input delay is missing on ddr3_dq[5] relative to clock(s) osc
Related violations: <none>

TIMING-18#13 Warning
Missing input or output delay  
An input delay is missing on ddr3_dq[6] relative to clock(s) osc
Related violations: <none>

TIMING-18#14 Warning
Missing input or output delay  
An input delay is missing on ddr3_dq[7] relative to clock(s) osc
Related violations: <none>

TIMING-18#15 Warning
Missing input or output delay  
An input delay is missing on ddr3_dq[8] relative to clock(s) osc
Related violations: <none>

TIMING-18#16 Warning
Missing input or output delay  
An input delay is missing on ddr3_dq[9] relative to clock(s) osc
Related violations: <none>

TIMING-18#17 Warning
Missing input or output delay  
An input delay is missing on ddr3_dqs_n[0] relative to clock(s) osc
Related violations: <none>

TIMING-18#18 Warning
Missing input or output delay  
An input delay is missing on ddr3_dqs_n[1] relative to clock(s) osc
Related violations: <none>

TIMING-18#19 Warning
Missing input or output delay  
An input delay is missing on ddr3_dqs_p[0] relative to clock(s) osc
Related violations: <none>

TIMING-18#20 Warning
Missing input or output delay  
An input delay is missing on ddr3_dqs_p[1] relative to clock(s) osc
Related violations: <none>

TIMING-18#21 Warning
Missing input or output delay  
An output delay is missing on ddr3_addr[0] relative to clock(s) osc
Related violations: <none>

TIMING-18#22 Warning
Missing input or output delay  
An output delay is missing on ddr3_addr[10] relative to clock(s) osc
Related violations: <none>

TIMING-18#23 Warning
Missing input or output delay  
An output delay is missing on ddr3_addr[11] relative to clock(s) osc
Related violations: <none>

TIMING-18#24 Warning
Missing input or output delay  
An output delay is missing on ddr3_addr[12] relative to clock(s) osc
Related violations: <none>

TIMING-18#25 Warning
Missing input or output delay  
An output delay is missing on ddr3_addr[13] relative to clock(s) osc
Related violations: <none>

TIMING-18#26 Warning
Missing input or output delay  
An output delay is missing on ddr3_addr[1] relative to clock(s) osc
Related violations: <none>

TIMING-18#27 Warning
Missing input or output delay  
An output delay is missing on ddr3_addr[2] relative to clock(s) osc
Related violations: <none>

TIMING-18#28 Warning
Missing input or output delay  
An output delay is missing on ddr3_addr[3] relative to clock(s) osc
Related violations: <none>

TIMING-18#29 Warning
Missing input or output delay  
An output delay is missing on ddr3_addr[4] relative to clock(s) osc
Related violations: <none>

TIMING-18#30 Warning
Missing input or output delay  
An output delay is missing on ddr3_addr[5] relative to clock(s) osc
Related violations: <none>

TIMING-18#31 Warning
Missing input or output delay  
An output delay is missing on ddr3_addr[6] relative to clock(s) osc
Related violations: <none>

TIMING-18#32 Warning
Missing input or output delay  
An output delay is missing on ddr3_addr[7] relative to clock(s) osc
Related violations: <none>

TIMING-18#33 Warning
Missing input or output delay  
An output delay is missing on ddr3_addr[8] relative to clock(s) osc
Related violations: <none>

TIMING-18#34 Warning
Missing input or output delay  
An output delay is missing on ddr3_addr[9] relative to clock(s) osc
Related violations: <none>

TIMING-18#35 Warning
Missing input or output delay  
An output delay is missing on ddr3_ba[0] relative to clock(s) osc
Related violations: <none>

TIMING-18#36 Warning
Missing input or output delay  
An output delay is missing on ddr3_ba[1] relative to clock(s) osc
Related violations: <none>

TIMING-18#37 Warning
Missing input or output delay  
An output delay is missing on ddr3_ba[2] relative to clock(s) osc
Related violations: <none>

TIMING-18#38 Warning
Missing input or output delay  
An output delay is missing on ddr3_cas_n relative to clock(s) osc
Related violations: <none>

TIMING-18#39 Warning
Missing input or output delay  
An output delay is missing on ddr3_cke relative to clock(s) osc
Related violations: <none>

TIMING-18#40 Warning
Missing input or output delay  
An output delay is missing on ddr3_ras_n relative to clock(s) osc
Related violations: <none>

TIMING-18#41 Warning
Missing input or output delay  
An output delay is missing on ddr3_reset_n relative to clock(s) osc
Related violations: <none>

TIMING-18#42 Warning
Missing input or output delay  
An output delay is missing on ddr3_we_n relative to clock(s) osc
Related violations: <none>

TIMING-18#43 Warning
Missing input or output delay  
An output delay is missing on led[0] relative to clock(s) osc
Related violations: <none>

TIMING-18#44 Warning
Missing input or output delay  
An output delay is missing on led[1] relative to clock(s) osc
Related violations: <none>

TIMING-18#45 Warning
Missing input or output delay  
An output delay is missing on led[2] relative to clock(s) osc
Related violations: <none>

TIMING-18#46 Warning
Missing input or output delay  
An output delay is missing on led[3] relative to clock(s) osc
Related violations: <none>


